<?xml version="1.0" encoding="UTF-8"?>
<!-- Generated by org.testng.reporters.JUnitReportReporter -->
<testsuite hostname="DESKTOP-2A4FBC9" failures="0" tests="5" name="TestRunner.Run" time="101.690" errors="0" timestamp="2024-01-11T20:53:58 IST" skipped="0">
  <testcase classname="TestRunner.Run" name="runScenario" time="14.456"/>
  <system-out/>
  <testcase classname="TestRunner.Run" name="runScenario" time="27.652"/>
  <system-out/>
  <testcase classname="TestRunner.Run" name="runScenario" time="19.713"/>
  <system-out/>
  <testcase classname="TestRunner.Run" name="runScenario" time="28.018"/>
  <system-out/>
  <testcase classname="TestRunner.Run" name="runScenario" time="11.851"/>
  <system-out/>
</testsuite> <!-- TestRunner.Run -->
